[0mGET /getcolleges [36m304[0m 62.601 ms - -[0m
[0mGET /getcolleges [36m304[0m 53.440 ms - -[0m
[0mGET /getcolleges [36m304[0m 52.413 ms - -[0m
[0mGET /getcolleges [36m304[0m 51.313 ms - -[0m
[0mPOST /dlogin [32m200[0m 151.660 ms - 29[0m
[0mPOST /gethome [32m200[0m 95.213 ms - 2538[0m
[0mPOST /gethome [32m200[0m 96.024 ms - 2538[0m
[0mHEAD / [33m404[0m 2.200 ms - 140[0m
[0mGET /getcolleges [36m304[0m 89.204 ms - -[0m
[0mGET /getcolleges [36m304[0m 45.816 ms - -[0m
[0mGET /getcolleges [36m304[0m 61.746 ms - -[0m
[0mGET /getcolleges [36m304[0m 40.057 ms - -[0m
[0mPOST /slogin [32m200[0m 49.096 ms - 29[0m
[0mPOST /getStuhome [32m200[0m 117.417 ms - 2547[0m
[0mPOST /getStuhome [32m200[0m 120.377 ms - 2547[0m
[0mGET /leaves?email=sai%40nit.in [32m200[0m 43.694 ms - 628[0m
[0mGET /leaves?email=sai%40nit.in [36m304[0m 42.946 ms - -[0m
[0mPOST /getStuhome [32m200[0m 112.594 ms - 2547[0m
[0mPOST /getStuhome [32m200[0m 116.063 ms - 2547[0m
[0mPOST /getStuhome [32m200[0m 125.878 ms - 2547[0m
[0mPOST /getStuhome [32m200[0m 127.327 ms - 2547[0m
[0mPOST /getdoc [32m200[0m 41.923 ms - 10[0m
[0mPOST /getdoc [32m200[0m 39.278 ms - 10[0m
[0mPOST /getdoc [32m200[0m 50.301 ms - 8213[0m
[0mPOST /getdoc [32m200[0m 58.840 ms - 8213[0m
[0mPOST /getslots [32m200[0m 36.959 ms - 2[0m
[0mPOST /getStuhome [32m200[0m 111.753 ms - 2547[0m
[0mPOST /getStuhome [32m200[0m 121.445 ms - 2547[0m
[0mPOST /applyleave [33m400[0m 95.782 ms - 57[0m
[0mGET /leaves?email=sai%40nit.in [36m304[0m 105.982 ms - -[0m
[0mGET /leaves?email=sai%40nit.in [36m304[0m 134.945 ms - -[0m
[0mGET /leaves?email=sai%40nit.in [36m304[0m 166.854 ms - -[0m
[0mGET /leaves?email=sai%40nit.in [36m304[0m 43.570 ms - -[0m
[0mPOST /getStuhome [32m200[0m 109.010 ms - 2547[0m
[0mPOST /getStuhome [32m200[0m 121.868 ms - 2547[0m
[0mPOST /applyleave [33m400[0m 38.102 ms - 57[0m
[0mPOST /applyleave [33m400[0m 36.045 ms - 57[0m
[0mGET /leaves?email=sai%40nit.in [36m304[0m 37.456 ms - -[0m
[0mGET /leaves?email=sai%40nit.in [36m304[0m 37.663 ms - -[0m
[0mGET /leaves?email=sai%40nit.in [36m304[0m 44.332 ms - -[0m
[0mGET /leaves?email=sai%40nit.in [36m304[0m 37.139 ms - -[0m
[0mGET /leaves?email=sai%40nit.in [36m304[0m 41.584 ms - -[0m
[0mGET /leaves?email=sai%40nit.in [36m304[0m 36.405 ms - -[0m
[0mGET /leaves?email=sai%40nit.in [36m304[0m 36.071 ms - -[0m
[0mGET /leaves?email=sai%40nit.in [36m304[0m 40.100 ms - -[0m
[0mGET /leaves?email=sai%40nit.in [36m304[0m 36.282 ms - -[0m
[0mGET /leaves?email=sai%40nit.in [36m304[0m 38.441 ms - -[0m
[0mGET /leaves?email=sai%40nit.in [36m304[0m 39.751 ms - -[0m
[0mGET /leaves?email=sai%40nit.in [36m304[0m 40.207 ms - -[0m
[0mPOST /getStuhome [32m200[0m 154.673 ms - 2547[0m
[0mPOST /getStuhome [32m200[0m 175.494 ms - 2547[0m
[0mGET /leaves?email=sai%40nit.in [36m304[0m 44.011 ms - -[0m
[0mGET /leaves?email=sai%40nit.in [36m304[0m 74.608 ms - -[0m
[0mGET /leaves?email=sai%40nit.in [36m304[0m 35.797 ms - -[0m
[0mGET /leaves?email=sai%40nit.in [36m304[0m 35.043 ms - -[0m
[0mGET /leaves?email=sai%40nit.in [36m304[0m 43.571 ms - -[0m
[0mGET /leaves?email=sai%40nit.in [36m304[0m 63.023 ms - -[0m
[0mPOST /getStuhome [32m200[0m 246.042 ms - 2547[0m
[0mPOST /getStuhome [32m200[0m 255.347 ms - 2547[0m
[0mPOST /applyleave [33m400[0m 44.048 ms - 57[0m
[0mPOST /getStuhome [32m200[0m 251.713 ms - 2547[0m
[0mPOST /getStuhome [32m200[0m 127.519 ms - 2547[0m
[0mPOST /getStuhome [32m200[0m 135.303 ms - 2547[0m
[0mPOST /getStuhome [32m200[0m 162.856 ms - 2547[0m
[0mPOST /getStuhome [32m200[0m 786.076 ms - 2547[0m
[0mPOST /applyleave [33m400[0m 45.273 ms - 57[0m
[0mPOST /getStuhome [32m200[0m 126.106 ms - 2547[0m
[0mPOST /applyleave [33m400[0m 32.592 ms - 57[0m
[0mPOST /getStuhome [32m200[0m 116.990 ms - 2547[0m
[0mPOST /applyleave [32m200[0m 112.295 ms - 39[0m
[0mGET /leaves?email=sai%40nit.in [32m200[0m 45.861 ms - 961[0m
[0mGET /leaves?email=sai%40nit.in [36m304[0m 45.246 ms - -[0m
[0mGET /leaves?email=sai%40nit.in [36m304[0m 38.389 ms - -[0m
[0mGET /leaves?email=sai%40nit.in [36m304[0m 38.574 ms - -[0m
[0mPOST /dlogin [32m200[0m 131.823 ms - 29[0m
[0mPOST /gethome [32m200[0m 74.205 ms - 2538[0m
[0mPOST /gethome [32m200[0m 77.960 ms - 2538[0m
[0mGET /leaves2?email=doctor%40nit.in [32m200[0m 45.825 ms - 961[0m
[0mGET /leaves2?email=doctor%40nit.in [36m304[0m 37.542 ms - -[0m
[0mPOST /modifyleaves [0m-[0m - ms - -[0m
[0mGET /leaves2?email=doctor%40nit.in [32m200[0m 32.884 ms - 961[0m
[0mGET /leaves2?email=doctor%40nit.in [36m304[0m 35.399 ms - -[0m
[0mGET /leaves?email=doctor%40nit.in [32m200[0m 61.873 ms - 2[0m
[0mGET /leaves?email=doctor%40nit.in [36m304[0m 35.452 ms - -[0m
[0mGET /leaves2?email=doctor%40nit.in [32m200[0m 34.171 ms - 2[0m
[0mGET /leaves2?email=doctor%40nit.in [36m304[0m 36.968 ms - -[0m
[0mPOST /getpatients [32m200[0m 42.674 ms - 2529[0m
[0mPOST /getpatients [32m200[0m 56.075 ms - 2529[0m
[0mPOST /gethome [32m200[0m 92.025 ms - 2538[0m
[0mPOST /gethome [32m200[0m 100.668 ms - 2538[0m
[0mPOST /getpatients [32m200[0m 73.259 ms - 2529[0m
[0mPOST /getpatients [32m200[0m 83.411 ms - 2529[0m
[0mPOST /gethome [32m200[0m 86.889 ms - 2538[0m
[0mPOST /gethome [32m200[0m 95.821 ms - 2538[0m
[0mPOST /gethome [32m200[0m 67.521 ms - 2538[0m
[0mPOST /gethome [32m200[0m 72.741 ms - 2538[0m
[0mPOST /getslotsdoc [32m200[0m 85.225 ms - 3392[0m
[0mPOST /gethome [32m200[0m 75.152 ms - 2538[0m
[0mPOST /gethome [32m200[0m 83.801 ms - 2538[0m
[0mPOST /gethome [32m200[0m 791.566 ms - 2538[0m
[0mPOST /gethome [32m200[0m 89.349 ms - 2538[0m
[0mPOST /gethome [32m200[0m 94.595 ms - 2538[0m
[0mPOST /getslotsdoc [32m200[0m 40.568 ms - 3392[0m
[0mPOST /gethome [32m200[0m 71.698 ms - 2538[0m
[0mPOST /gethome [32m200[0m 71.865 ms - 2538[0m
[0mPOST /getStuhome [32m200[0m 156.163 ms - 2547[0m
[0mPOST /getStuhome [32m200[0m 162.388 ms - 2547[0m
[0mPOST /getdoc [32m200[0m 66.904 ms - 10[0m
[0mPOST /getdoc [32m200[0m 66.821 ms - 8213[0m
[0mPOST /getdoc [32m200[0m 79.602 ms - 8213[0m
[0mPOST /getdoc [32m200[0m 95.246 ms - 10[0m
[0mPOST /getslots [32m200[0m 39.533 ms - 2[0m
[0mPOST /getStuhome [32m200[0m 147.788 ms - 2547[0m
[0mPOST /getStuhome [32m200[0m 159.977 ms - 2547[0m
[0mPOST /getStuhome [32m200[0m 123.866 ms - 2547[0m
[0mPOST /getStuhome [32m200[0m 124.873 ms - 2547[0m
[0mPOST /getStuhome [32m200[0m 118.134 ms - 2547[0m
[0mPOST /getStuhome [32m200[0m 120.571 ms - 2547[0m
[0mPOST /applyleave [0m-[0m - ms - -[0m
[0mPOST /getStuhome [32m200[0m 150.582 ms - 2547[0m
[0mPOST /getStuhome [32m200[0m 155.713 ms - 2547[0m
[0mGET /leaves?email=sai%40nit.in [32m200[0m 60.425 ms - 2[0m
[0mGET /leaves?email=sai%40nit.in [36m304[0m 37.948 ms - -[0m
[0mGET /leaves?email=sai%40nit.in [36m304[0m 51.917 ms - -[0m
[0mGET /leaves?email=sai%40nit.in [36m304[0m 38.105 ms - -[0m
[0mGET /leaves?email=sai%40nit.in [36m304[0m 58.774 ms - -[0m
[0mGET /leaves?email=sai%40nit.in [36m304[0m 36.554 ms - -[0m
[0mGET /leaves?email=sai%40nit.in [36m304[0m 77.320 ms - -[0m
[0mGET /leaves?email=sai%40nit.in [36m304[0m 37.489 ms - -[0m
[0mGET /leaves?email=sai%40nit.in [36m304[0m 34.785 ms - -[0m
[0mGET /leaves?email=sai%40nit.in [36m304[0m 37.156 ms - -[0m
[0mPOST /getStuhome [32m200[0m 117.673 ms - 2547[0m
[0mPOST /getStuhome [32m200[0m 121.643 ms - 2547[0m
[0mGET /leaves?email=sai%40nit.in [36m304[0m 36.974 ms - -[0m
[0mGET /leaves?email=sai%40nit.in [36m304[0m 41.730 ms - -[0m
[0mPOST /applyleave [0m-[0m - ms - -[0m
[0mGET /leaves?email=sai%40nit.in [36m304[0m 51.806 ms - -[0m
[0mGET /leaves?email=sai%40nit.in [36m304[0m 35.271 ms - -[0m
[0mGET /leaves?email=sai%40nit.in [36m304[0m 65.797 ms - -[0m
[0mGET /leaves?email=sai%40nit.in [36m304[0m 34.302 ms - -[0m
[0mPOST /getdoc [32m200[0m 38.196 ms - 10[0m
[0mPOST /getdoc [32m200[0m 46.081 ms - 8213[0m
[0mPOST /getdoc [32m200[0m 43.804 ms - 10[0m
[0mPOST /getdoc [32m200[0m 49.313 ms - 8213[0m
[0mPOST /getslots [32m200[0m 40.935 ms - 2[0m
[0mPOST /getStuhome [32m200[0m 224.962 ms - 2547[0m
[0mPOST /getStuhome [32m200[0m 240.609 ms - 2547[0m
[0mPOST /getStuhome [32m200[0m 117.283 ms - 2547[0m
[0mPOST /applyleave [0m-[0m - ms - -[0m
[0mPOST /applyleave [0m-[0m - ms - -[0m
[0mPOST /applyleave [0m-[0m - ms - -[0m
[0mPOST /applyleave [0m-[0m - ms - -[0m
[0mPOST /applyleave [0m-[0m - ms - -[0m
[0mPOST /applyleave [0m-[0m - ms - -[0m
[0mPOST /getStuhome [32m200[0m 125.592 ms - 2547[0m
[0mPOST /getStuhome [32m200[0m 135.512 ms - 2547[0m
[0mPOST /getdoc [32m200[0m 35.103 ms - 10[0m
[0mPOST /getdoc [32m200[0m 38.804 ms - 10[0m
[0mPOST /getdoc [32m200[0m 55.353 ms - 8213[0m
[0mPOST /getdoc [32m200[0m 61.951 ms - 8213[0m
[0mPOST /getslots [32m200[0m 37.112 ms - 2[0m
[0mPOST /getStuhome [32m200[0m 134.351 ms - 2547[0m
[0mPOST /getStuhome [32m200[0m 137.745 ms - 2547[0m
[0mPOST /applyleave [0m-[0m - ms - -[0m
[0mGET /getcolleges [36m304[0m 108.136 ms - -[0m
[0mGET /getcolleges [36m304[0m 97.512 ms - -[0m
[0mGET /getcolleges [36m304[0m 75.412 ms - -[0m
[0mGET /getcolleges [36m304[0m 84.037 ms - -[0m
[0mPOST /slogin [32m200[0m 89.339 ms - 29[0m
[0mPOST /getStuhome [32m200[0m 120.990 ms - 2547[0m
[0mPOST /getStuhome [32m200[0m 127.947 ms - 2547[0m
[0mPOST /getStuhome [32m200[0m 284.869 ms - 2547[0m
[0mPOST /getStuhome [32m200[0m 313.753 ms - 2547[0m
[0mPOST /applyleave [32m200[0m 273.767 ms - 39[0m
[0mGET /leaves?email=sai%40nit.in [32m200[0m 149.065 ms - 334[0m
[0mGET /leaves?email=sai%40nit.in [36m304[0m 96.831 ms - -[0m
[0mGET /leaves?email=sai%40nit.in [36m304[0m 109.201 ms - -[0m
[0mGET /leaves?email=sai%40nit.in [36m304[0m 98.899 ms - -[0m
[0mGET /getcolleges [32m200[0m 80.519 ms - 602[0m
[0mGET /getcolleges [36m304[0m 37.465 ms - -[0m
[0mPOST /dlogin [32m200[0m 322.669 ms - 29[0m
[0mPOST /gethome [32m200[0m 182.681 ms - 2538[0m
[0mPOST /gethome [32m200[0m 191.275 ms - 2538[0m
[0mGET /leaves2?email=doctor%40nit.in [32m200[0m 80.314 ms - 334[0m
[0mGET /leaves2?email=doctor%40nit.in [36m304[0m 98.741 ms - -[0m
[0mPOST /modifyleaves [0m-[0m - ms - -[0m
[0mGET /leaves2?email=doctor%40nit.in [32m200[0m 151.967 ms - 334[0m
[0mGET /leaves2?email=doctor%40nit.in [36m304[0m 98.980 ms - -[0m
[0mGET /leaves2?email=doctor%40nit.in [36m304[0m 62.499 ms - -[0m
[0mGET /leaves2?email=doctor%40nit.in [36m304[0m 33.985 ms - -[0m
[0mGET /leaves?email=sai%40nit.in [32m200[0m 154.963 ms - 334[0m
[0mGET /leaves?email=sai%40nit.in [36m304[0m 193.571 ms - -[0m
[0mGET /leaves2?email=doctor%40nit.in [36m304[0m 50.015 ms - -[0m
[0mPOST /getStuhome [32m200[0m 917.894 ms - 2547[0m
[0mPOST /getStuhome [32m200[0m 915.880 ms - 2547[0m
[0mPOST /getStuhome [32m200[0m 335.699 ms - 2547[0m
[0mPOST /getStuhome [32m200[0m 3988.084 ms - 2547[0m
[0mPOST /getStuhome [32m200[0m 736.386 ms - 2547[0m
[0mPOST /getStuhome [32m200[0m 343.350 ms - 2547[0m
[0mPOST /getStuhome [32m200[0m 155.914 ms - 2547[0m
[0mPOST /getStuhome [32m200[0m 496.099 ms - 2547[0m
[0mPOST /applyleave [32m200[0m 173.784 ms - 39[0m
[0mGET /leaves?email=sai%40nit.in [32m200[0m 79.198 ms - 334[0m
[0mGET /leaves?email=sai%40nit.in [36m304[0m 96.721 ms - -[0m
[0mGET /leaves?email=sai%40nit.in [36m304[0m 86.770 ms - -[0m
[0mGET /leaves?email=sai%40nit.in [36m304[0m 129.615 ms - -[0m
[0mPOST /getStuhome [32m200[0m 379.999 ms - 2547[0m
[0mPOST /getStuhome [32m200[0m 383.496 ms - 2547[0m
[0mPOST /getStuhome [32m200[0m 370.920 ms - 2547[0m
[0mPOST /getStuhome [32m200[0m 389.797 ms - 2547[0m
[0mPOST /getStuhome [32m200[0m 175.975 ms - 2547[0m
[0mPOST /getStuhome [32m200[0m 289.972 ms - 2547[0m
[0mGET /leaves?email=sai%40nit.in [36m304[0m 139.174 ms - -[0m
[0mGET /leaves?email=sai%40nit.in [36m304[0m 99.950 ms - -[0m
[0mGET /leaves?email=sai%40nit.in [36m304[0m 89.049 ms - -[0m
[0mGET /leaves?email=sai%40nit.in [36m304[0m 101.686 ms - -[0m
[0mGET /leaves?email=sai%40nit.in [32m200[0m 105.416 ms - 2[0m
[0mGET /leaves?email=sai%40nit.in [36m304[0m 97.746 ms - -[0m
[0mPOST /adminlogin [32m200[0m 492.683 ms - 29[0m
[0mPOST /getadminhome [32m200[0m 1067.066 ms - 17317[0m
[0mPOST /getadminhome [32m200[0m 950.351 ms - 17317[0m
[0mPOST /getadminhome [32m200[0m 851.600 ms - 17317[0m
[0mPOST /getadminhome [32m200[0m 1300.268 ms - 17317[0m
[0mPOST /getadminhome [32m200[0m 799.327 ms - 17317[0m
[0mGET /favicon.ico [33m404[0m 5.533 ms - 150[0m
[0mPOST /getsuserhome [33m400[0m 582.024 ms - 30[0m
[0mPOST /getsuserhome [33m400[0m 136.188 ms - 30[0m
[0mPOST /getsuserhome [32m200[0m 479.929 ms - 213[0m
[0mGET /getGmail [32m200[0m 6.994 ms - 31[0m
[0mGET /getGmail [36m304[0m 5.295 ms - -[0m
[0mGET /gethomedata [32m200[0m 360.214 ms - 5732[0m
[0mGET /gethomedata [36m304[0m 335.208 ms - -[0m
[0mGET /getcollege [32m200[0m 1088.142 ms - 11742[0m
[0mGET /getcollege [36m304[0m 530.456 ms - -[0m
[0mPOST /deletecollege [32m200[0m 214.512 ms - 271[0m
[0mGET /getGmail [36m304[0m 1.990 ms - -[0m
[0mGET /getGmail [36m304[0m 3.221 ms - -[0m
[0mGET /waitingclgs [32m200[0m 144.927 ms - 599[0m
[0mGET /waitingclgs [36m304[0m 198.549 ms - -[0m
[0mGET /waitingclgs [36m304[0m 151.790 ms - -[0m
[0mGET /getGmail [36m304[0m 7.638 ms - -[0m
[0mGET /getGmail [36m304[0m 2.683 ms - -[0m
[0mGET /waitingclgs [36m304[0m 76.037 ms - -[0m
[0mGET /waitingclgs [36m304[0m 116.824 ms - -[0m
[0mPOST /deleteclgreq/674e6b761c4903a9c720ec4b/venkatsai@nitw.in [32m200[0m 374.443 ms - 51[0m
[0mGET /getGmail [36m304[0m 11.757 ms - -[0m
[0mGET /getGmail [36m304[0m 3.996 ms - -[0m
[0mGET /waitingclgs [32m200[0m 166.580 ms - 301[0m
[0mGET /waitingclgs [36m304[0m 98.868 ms - -[0m
[0mGET /waitingclgs [36m304[0m 304.497 ms - -[0m
[0mGET /waitingclgs [36m304[0m 71.444 ms - -[0m
[0mGET /waitingclgs [36m304[0m 372.485 ms - -[0m
[0mGET /getGmail [36m304[0m 1.809 ms - -[0m
[0mGET /getGmail [36m304[0m 1.603 ms - -[0m
[0mGET /waitingclgs [36m304[0m 118.980 ms - -[0m
[0mGET /waitingclgs [36m304[0m 102.559 ms - -[0m
[0mPOST /deleteclgreq/67d0760f24a9690bf38de704/druvakanth.c22@iiits.in [32m200[0m 164.791 ms - 51[0m
[0mGET /waitingclgs [32m200[0m 139.941 ms - 11[0m
[0mGET /getGmail [36m304[0m 2.702 ms - -[0m
[0mGET /getGmail [36m304[0m 2.125 ms - -[0m
[0mGET /waitingclgs [36m304[0m 287.229 ms - -[0m
[0mGET /waitingclgs [36m304[0m 305.598 ms - -[0m
[0mGET /getGmail [36m304[0m 5.202 ms - -[0m
[0mGET /getGmail [36m304[0m 4.558 ms - -[0m
[0mGET /gethomedata [32m200[0m 2416.139 ms - 5514[0m
[0mGET /gethomedata [36m304[0m 2136.828 ms - -[0m
[0mGET /getGmail [36m304[0m 8.700 ms - -[0m
[0mGET /getGmail [36m304[0m 1.489 ms - -[0m
[0mGET /gethomedata [36m304[0m 6994.823 ms - -[0m
[0mGET /gethomedata [36m304[0m 769.983 ms - -[0m
[0mGET /getcollege [31m500[0m 13.478 ms - 33[0m
[0mGET /getcollege [31m500[0m 3.386 ms - 33[0m
[0mGET /getGmail [36m304[0m 4.948 ms - -[0m
[0mGET /getGmail [36m304[0m 1.698 ms - -[0m
[0mGET /getadmin [32m200[0m 296.806 ms - 333[0m
[0mGET /getadmin [36m304[0m 43.440 ms - -[0m
[0mGET /getGmail [36m304[0m 2.429 ms - -[0m
[0mGET /getGmail [36m304[0m 3.304 ms - -[0m
[0mGET /gethomedata [36m304[0m 477.917 ms - -[0m
[0mGET /gethomedata [36m304[0m 176.517 ms - -[0m
[0mGET /getcollege [31m500[0m 1.753 ms - 33[0m
[0mGET /getcollege [31m500[0m 3.224 ms - 33[0m
[0mGET /getGmail [36m304[0m 2.773 ms - -[0m
[0mGET /getcollege [31m500[0m 1.553 ms - 33[0m
[0mGET /getGmail [36m304[0m 3.029 ms - -[0m
[0mGET /getcollege [31m500[0m 1.420 ms - 33[0m
[0mGET /getGmail [36m304[0m 2.425 ms - -[0m
[0mGET /getGmail [36m304[0m 1.915 ms - -[0m
[0mGET /waitingclgs [36m304[0m 37.795 ms - -[0m
[0mGET /waitingclgs [36m304[0m 36.658 ms - -[0m
[0mGET /getGmail [36m304[0m 1.457 ms - -[0m
[0mGET /getGmail [36m304[0m 2.676 ms - -[0m
[0mGET /waitingclgs [36m304[0m 67.289 ms - -[0m
[0mGET /waitingclgs [36m304[0m 50.157 ms - -[0m
[0mGET /getadmin [36m304[0m 71.370 ms - -[0m
[0mGET /getadmin [36m304[0m 45.391 ms - -[0m
[0mPOST /logoutsuser [32m200[0m 1.308 ms - 37[0m
[0mGET /getGmail [31m500[0m 0.945 ms - 35[0m
[0mPOST /getsuserhome [32m200[0m 95.847 ms - 213[0m
[0mGET /getGmail [32m200[0m 2.411 ms - 31[0m
[0mGET /getGmail [36m304[0m 1.232 ms - -[0m
[0mGET /gethomedata [32m200[0m 251.989 ms - 5514[0m
[0mGET /gethomedata [36m304[0m 159.048 ms - -[0m
[0mGET /getGmail [36m304[0m 1.583 ms - -[0m
[0mGET /getGmail [36m304[0m 1.364 ms - -[0m
[0mGET /waitingclgs [32m200[0m 55.271 ms - 294[0m
[0mGET /waitingclgs [36m304[0m 42.106 ms - -[0m
[0mGET /getGmail [36m304[0m 3.467 ms - -[0m
[0mGET /getGmail [36m304[0m 3.688 ms - -[0m
[0mGET /gethomedata [36m304[0m 369.841 ms - -[0m
[0mGET /gethomedata [36m304[0m 165.614 ms - -[0m
[0mGET /getGmail [36m304[0m 3.848 ms - -[0m
[0mGET /getGmail [36m304[0m 4.304 ms - -[0m
[0mGET /gethomedata [36m304[0m 380.089 ms - -[0m
[0mGET /gethomedata [36m304[0m 191.099 ms - -[0m
[0mGET /getGmail [36m304[0m 2.948 ms - -[0m
[0mGET /getGmail [36m304[0m 3.106 ms - -[0m
[0mGET /gethomedata [36m304[0m 190.648 ms - -[0m
[0mGET /gethomedata [36m304[0m 145.386 ms - -[0m
[0mPOST /logoutsuser [32m200[0m 0.816 ms - 37[0m
[0mGET /getGmail [31m500[0m 3.421 ms - 35[0m
[0mPOST /addnewclg [32m201[0m 1334.429 ms - 350[0m
[0mPOST /getsuserhome [32m200[0m 46.796 ms - 213[0m
[0mGET /getGmail [32m200[0m 3.246 ms - 31[0m
[0mGET /getGmail [36m304[0m 3.035 ms - -[0m
[0mGET /gethomedata [32m200[0m 145.136 ms - 5514[0m
[0mGET /gethomedata [36m304[0m 136.822 ms - -[0m
[0mGET /getGmail [36m304[0m 3.235 ms - -[0m
[0mGET /getGmail [36m304[0m 2.835 ms - -[0m
[0mGET /waitingclgs [32m200[0m 39.207 ms - 593[0m
[0mGET /waitingclgs [36m304[0m 36.748 ms - -[0m
[0mPOST /acceptclgreq/67d0eccaea2efc53bc333c4a/venkatsai@nit.in [31m500[0m 97.425 ms - 30[0m
[0mGET /getGmail [36m304[0m 2.163 ms - -[0m
[0mGET /getGmail [36m304[0m 3.354 ms - -[0m
[0mGET /waitingclgs [36m304[0m 35.660 ms - -[0m
[0mGET /waitingclgs [36m304[0m 36.433 ms - -[0m
[0mPOST /acceptclgreq/67d0eccaea2efc53bc333c4a/venkatsai@nit.in [31m500[0m 73.901 ms - 30[0m
[0mGET /getGmail [36m304[0m 1.930 ms - -[0m
[0mGET /getGmail [36m304[0m 2.425 ms - -[0m
[0mGET /gethomedata [36m304[0m 134.286 ms - -[0m
[0mGET /gethomedata [36m304[0m 134.164 ms - -[0m
[0mPOST /logoutsuser [32m200[0m 0.649 ms - 37[0m
[0mGET /getGmail [31m500[0m 0.902 ms - 35[0m
[0mGET /getcolleges [32m200[0m 93.236 ms - 564[0m
[0mGET /getcolleges [36m304[0m 43.763 ms - -[0m
[0mPOST /dlogin [32m200[0m 169.213 ms - 29[0m
[0mPOST /gethome [32m200[0m 72.887 ms - 2538[0m
[0mPOST /gethome [32m200[0m 74.660 ms - 2538[0m
[0mGET /getcolleges [36m304[0m 41.250 ms - -[0m
[0mGET /getcolleges [36m304[0m 37.979 ms - -[0m
[0mPOST /slogin [32m200[0m 38.302 ms - 29[0m
[0mPOST /getStuhome [32m200[0m 106.595 ms - 2547[0m
[0mPOST /getStuhome [32m200[0m 115.328 ms - 2547[0m
[0mPOST /adminlogin [32m200[0m 54.006 ms - 29[0m
[0mPOST /getadminhome [32m200[0m 641.925 ms - 17317[0m
[0mPOST /getadminhome [32m200[0m 539.278 ms - 17317[0m
[0mPOST /getadminhome [32m200[0m 459.796 ms - 17317[0m
[0mPOST /getadminhome [32m200[0m 650.316 ms - 17317[0m
[0mPOST /getadminhome [32m200[0m 619.294 ms - 17317[0m
[0mPOST /getadminhome [32m200[0m 474.516 ms - 17317[0m
